1541559316155	geckodriver	INFO	geckodriver 0.21.0
1541559316164	geckodriver	INFO	Listening on 127.0.0.1:64461
1541559317165	mozrunner::runner	INFO	Running command: "/Applications/Firefox.app/Contents/MacOS/firefox-bin" "-marionette" "-foreground" "-no-remote" "-profile" "/var/folders/z7/gbncm6tn397gr6ddzglky6d00000gp/T/rust_mozprofile.hPJVSb17FujM"
2018-11-07 10:55:19.692 plugin-container[82397:8698623] *** CFMessagePort: bootstrap_register(): failed 1100 (0x44c) 'Permission denied', port = 0x8207, name = 'com.apple.tsm.portname'
See /usr/include/servers/bootstrap_defs.h for the error codes.
2018-11-07 10:55:19.924 plugin-container[82398:8698650] *** CFMessagePort: bootstrap_register(): failed 1100 (0x44c) 'Permission denied', port = 0x843b, name = 'com.apple.tsm.portname'
See /usr/include/servers/bootstrap_defs.h for the error codes.
2018-11-07 10:55:19.942 plugin-container[82397:8698623] unable to obtain configuration from file:///Library/Preferences/com.apple.ViewBridge.plist due to Error Domain=NSCocoaErrorDomain Code=257 "The file “com.apple.ViewBridge.plist” couldn’t be opened because you don’t have permission to view it." UserInfo={NSFilePath=/Library/Preferences/com.apple.ViewBridge.plist, NSUnderlyingError=0x10c4fc910 {Error Domain=NSPOSIXErrorDomain Code=1 "Operation not permitted"}}
2018-11-07 10:55:19.944 plugin-container[82397:8698625] +[NSXPCSharedListener endpointForReply:withListenerName:]: an error occurred while attempting to obtain endpoint for listener 'ClientCallsAuxiliary': Connection invalid
2018-11-07 10:55:20.035 plugin-container[82398:8698650] unable to obtain configuration from file:///Library/Preferences/com.apple.ViewBridge.plist due to Error Domain=NSCocoaErrorDomain Code=257 "The file “com.apple.ViewBridge.plist” couldn’t be opened because you don’t have permission to view it." UserInfo={NSFilePath=/Library/Preferences/com.apple.ViewBridge.plist, NSUnderlyingError=0x11c7329a0 {Error Domain=NSPOSIXErrorDomain Code=1 "Operation not permitted"}}
2018-11-07 10:55:20.038 plugin-container[82398:8698667] +[NSXPCSharedListener endpointForReply:withListenerName:]: an error occurred while attempting to obtain endpoint for listener 'ClientCallsAuxiliary': Connection invalid
1541559320282	Marionette	INFO	Listening on port 64468
1541559320379	Marionette	WARN	TLS certificate errors will be ignored for this session
2018-11-07 10:55:20.711 plugin-container[82399:8698757] *** CFMessagePort: bootstrap_register(): failed 1100 (0x44c) 'Permission denied', port = 0x873b, name = 'com.apple.tsm.portname'
See /usr/include/servers/bootstrap_defs.h for the error codes.
2018-11-07 10:55:20.809 plugin-container[82399:8698757] unable to obtain configuration from file:///Library/Preferences/com.apple.ViewBridge.plist due to Error Domain=NSCocoaErrorDomain Code=257 "The file “com.apple.ViewBridge.plist” couldn’t be opened because you don’t have permission to view it." UserInfo={NSFilePath=/Library/Preferences/com.apple.ViewBridge.plist, NSUnderlyingError=0x1108dbc70 {Error Domain=NSPOSIXErrorDomain Code=1 "Operation not permitted"}}
2018-11-07 10:55:20.812 plugin-container[82399:8698759] +[NSXPCSharedListener endpointForReply:withListenerName:]: an error occurred while attempting to obtain endpoint for listener 'ClientCallsAuxiliary': Connection invalid
JavaScript error: https://login.taobao.com/jump?target=https://www.tmall.com, line 27: SyntaxError: expected expression, got '<'
1541559391028	geckodriver	INFO	geckodriver 0.21.0
1541559391034	geckodriver	INFO	Listening on 127.0.0.1:64581
1541559392042	mozrunner::runner	INFO	Running command: "/Applications/Firefox.app/Contents/MacOS/firefox-bin" "-marionette" "-foreground" "-no-remote" "-profile" "/var/folders/z7/gbncm6tn397gr6ddzglky6d00000gp/T/rust_mozprofile.Pmr5sOKt3ahB"
2018-11-07 10:56:33.482 plugin-container[82412:8702388] *** CFMessagePort: bootstrap_register(): failed 1100 (0x44c) 'Permission denied', port = 0x793b, name = 'com.apple.tsm.portname'
See /usr/include/servers/bootstrap_defs.h for the error codes.
2018-11-07 10:56:33.605 plugin-container[82412:8702388] unable to obtain configuration from file:///Library/Preferences/com.apple.ViewBridge.plist due to Error Domain=NSCocoaErrorDomain Code=257 "The file “com.apple.ViewBridge.plist” couldn’t be opened because you don’t have permission to view it." UserInfo={NSFilePath=/Library/Preferences/com.apple.ViewBridge.plist, NSUnderlyingError=0x118c762b0 {Error Domain=NSPOSIXErrorDomain Code=1 "Operation not permitted"}}
2018-11-07 10:56:33.607 plugin-container[82412:8702389] +[NSXPCSharedListener endpointForReply:withListenerName:]: an error occurred while attempting to obtain endpoint for listener 'ClientCallsAuxiliary': Connection invalid
2018-11-07 10:56:33.653 plugin-container[82413:8702413] *** CFMessagePort: bootstrap_register(): failed 1100 (0x44c) 'Permission denied', port = 0x8207, name = 'com.apple.tsm.portname'
See /usr/include/servers/bootstrap_defs.h for the error codes.
2018-11-07 10:56:33.766 plugin-container[82413:8702413] unable to obtain configuration from file:///Library/Preferences/com.apple.ViewBridge.plist due to Error Domain=NSCocoaErrorDomain Code=257 "The file “com.apple.ViewBridge.plist” couldn’t be opened because you don’t have permission to view it." UserInfo={NSFilePath=/Library/Preferences/com.apple.ViewBridge.plist, NSUnderlyingError=0x111e60160 {Error Domain=NSPOSIXErrorDomain Code=1 "Operation not permitted"}}
2018-11-07 10:56:33.769 plugin-container[82413:8702416] +[NSXPCSharedListener endpointForReply:withListenerName:]: an error occurred while attempting to obtain endpoint for listener 'ClientCallsAuxiliary': Connection invalid
1541559393973	Marionette	INFO	Listening on port 64588
1541559393989	Marionette	WARN	TLS certificate errors will be ignored for this session
2018-11-07 10:56:34.439 plugin-container[82414:8702519] *** CFMessagePort: bootstrap_register(): failed 1100 (0x44c) 'Permission denied', port = 0x833b, name = 'com.apple.tsm.portname'
See /usr/include/servers/bootstrap_defs.h for the error codes.
2018-11-07 10:56:34.537 plugin-container[82414:8702519] unable to obtain configuration from file:///Library/Preferences/com.apple.ViewBridge.plist due to Error Domain=NSCocoaErrorDomain Code=257 "The file “com.apple.ViewBridge.plist” couldn’t be opened because you don’t have permission to view it." UserInfo={NSFilePath=/Library/Preferences/com.apple.ViewBridge.plist, NSUnderlyingError=0x10d1dbc70 {Error Domain=NSPOSIXErrorDomain Code=1 "Operation not permitted"}}
2018-11-07 10:56:34.540 plugin-container[82414:8702520] +[NSXPCSharedListener endpointForReply:withListenerName:]: an error occurred while attempting to obtain endpoint for listener 'ClientCallsAuxiliary': Connection invalid
JavaScript error: https://login.taobao.com/jump?target=https://www.tmall.com, line 27: SyntaxError: expected expression, got '<'
*** UTM:SVC TimerManager:registerTimer called after profile-before-change notification. Ignoring timer registration for id: telemetry_modules_ping
1541559596833	geckodriver	INFO	geckodriver 0.21.0
1541559596838	geckodriver	INFO	Listening on 127.0.0.1:65098
1541559597848	mozrunner::runner	INFO	Running command: "/Applications/Firefox.app/Contents/MacOS/firefox-bin" "-marionette" "-foreground" "-no-remote" "-profile" "/var/folders/z7/gbncm6tn397gr6ddzglky6d00000gp/T/rust_mozprofile.A60tCPT1MkP9"
2018-11-07 10:59:59.197 plugin-container[82439:8711375] *** CFMessagePort: bootstrap_register(): failed 1100 (0x44c) 'Permission denied', port = 0x873b, name = 'com.apple.tsm.portname'
See /usr/include/servers/bootstrap_defs.h for the error codes.
2018-11-07 10:59:59.359 plugin-container[82439:8711375] unable to obtain configuration from file:///Library/Preferences/com.apple.ViewBridge.plist due to Error Domain=NSCocoaErrorDomain Code=257 "The file “com.apple.ViewBridge.plist” couldn’t be opened because you don’t have permission to view it." UserInfo={NSFilePath=/Library/Preferences/com.apple.ViewBridge.plist, NSUnderlyingError=0x113b33e80 {Error Domain=NSPOSIXErrorDomain Code=1 "Operation not permitted"}}
2018-11-07 10:59:59.362 plugin-container[82439:8711377] +[NSXPCSharedListener endpointForReply:withListenerName:]: an error occurred while attempting to obtain endpoint for listener 'ClientCallsAuxiliary': Connection invalid
2018-11-07 10:59:59.420 plugin-container[82440:8711401] *** CFMessagePort: bootstrap_register(): failed 1100 (0x44c) 'Permission denied', port = 0x8343, name = 'com.apple.tsm.portname'
See /usr/include/servers/bootstrap_defs.h for the error codes.
2018-11-07 10:59:59.533 plugin-container[82440:8711401] unable to obtain configuration from file:///Library/Preferences/com.apple.ViewBridge.plist due to Error Domain=NSCocoaErrorDomain Code=257 "The file “com.apple.ViewBridge.plist” couldn’t be opened because you don’t have permission to view it." UserInfo={NSFilePath=/Library/Preferences/com.apple.ViewBridge.plist, NSUnderlyingError=0x11ae4ce50 {Error Domain=NSPOSIXErrorDomain Code=1 "Operation not permitted"}}
2018-11-07 10:59:59.536 plugin-container[82440:8711406] +[NSXPCSharedListener endpointForReply:withListenerName:]: an error occurred while attempting to obtain endpoint for listener 'ClientCallsAuxiliary': Connection invalid
1541559599733	Marionette	INFO	Listening on port 65109
1541559599804	Marionette	WARN	TLS certificate errors will be ignored for this session
2018-11-07 11:00:00.159 plugin-container[82441:8711510] *** CFMessagePort: bootstrap_register(): failed 1100 (0x44c) 'Permission denied', port = 0x8a3b, name = 'com.apple.tsm.portname'
See /usr/include/servers/bootstrap_defs.h for the error codes.
2018-11-07 11:00:00.257 plugin-container[82441:8711510] unable to obtain configuration from file:///Library/Preferences/com.apple.ViewBridge.plist due to Error Domain=NSCocoaErrorDomain Code=257 "The file “com.apple.ViewBridge.plist” couldn’t be opened because you don’t have permission to view it." UserInfo={NSFilePath=/Library/Preferences/com.apple.ViewBridge.plist, NSUnderlyingError=0x10d2dcc70 {Error Domain=NSPOSIXErrorDomain Code=1 "Operation not permitted"}}
2018-11-07 11:00:00.259 plugin-container[82441:8711511] +[NSXPCSharedListener endpointForReply:withListenerName:]: an error occurred while attempting to obtain endpoint for listener 'ClientCallsAuxiliary': Connection invalid
JavaScript error: https://login.taobao.com/jump?target=https://www.tmall.com, line 27: SyntaxError: expected expression, got '<'
1541559712894	geckodriver	INFO	geckodriver 0.21.0
1541559712900	geckodriver	INFO	Listening on 127.0.0.1:49299
1541559713908	mozrunner::runner	INFO	Running command: "/Applications/Firefox.app/Contents/MacOS/firefox-bin" "-marionette" "-foreground" "-no-remote" "-profile" "/var/folders/z7/gbncm6tn397gr6ddzglky6d00000gp/T/rust_mozprofile.tg30clv2Zynj"
2018-11-07 11:01:55.232 plugin-container[82455:8716956] *** CFMessagePort: bootstrap_register(): failed 1100 (0x44c) 'Permission denied', port = 0x7f3b, name = 'com.apple.tsm.portname'
See /usr/include/servers/bootstrap_defs.h for the error codes.
2018-11-07 11:01:55.414 plugin-container[82455:8716956] unable to obtain configuration from file:///Library/Preferences/com.apple.ViewBridge.plist due to Error Domain=NSCocoaErrorDomain Code=257 "The file “com.apple.ViewBridge.plist” couldn’t be opened because you don’t have permission to view it." UserInfo={NSFilePath=/Library/Preferences/com.apple.ViewBridge.plist, NSUnderlyingError=0x102a32e80 {Error Domain=NSPOSIXErrorDomain Code=1 "Operation not permitted"}}
2018-11-07 11:01:55.417 plugin-container[82455:8716969] +[NSXPCSharedListener endpointForReply:withListenerName:]: an error occurred while attempting to obtain endpoint for listener 'ClientCallsAuxiliary': Connection invalid
2018-11-07 11:01:55.459 plugin-container[82456:8716981] *** CFMessagePort: bootstrap_register(): failed 1100 (0x44c) 'Permission denied', port = 0x7343, name = 'com.apple.tsm.portname'
See /usr/include/servers/bootstrap_defs.h for the error codes.
2018-11-07 11:01:55.571 plugin-container[82456:8716981] unable to obtain configuration from file:///Library/Preferences/com.apple.ViewBridge.plist due to Error Domain=NSCocoaErrorDomain Code=257 "The file “com.apple.ViewBridge.plist” couldn’t be opened because you don’t have permission to view it." UserInfo={NSFilePath=/Library/Preferences/com.apple.ViewBridge.plist, NSUnderlyingError=0x1094d7eb0 {Error Domain=NSPOSIXErrorDomain Code=1 "Operation not permitted"}}
2018-11-07 11:01:55.574 plugin-container[82456:8716988] +[NSXPCSharedListener endpointForReply:withListenerName:]: an error occurred while attempting to obtain endpoint for listener 'ClientCallsAuxiliary': Connection invalid
1541559715761	Marionette	INFO	Listening on port 49310
1541559715863	Marionette	WARN	TLS certificate errors will be ignored for this session
2018-11-07 11:01:56.231 plugin-container[82458:8717092] *** CFMessagePort: bootstrap_register(): failed 1100 (0x44c) 'Permission denied', port = 0x863b, name = 'com.apple.tsm.portname'
See /usr/include/servers/bootstrap_defs.h for the error codes.
2018-11-07 11:01:56.331 plugin-container[82458:8717092] unable to obtain configuration from file:///Library/Preferences/com.apple.ViewBridge.plist due to Error Domain=NSCocoaErrorDomain Code=257 "The file “com.apple.ViewBridge.plist” couldn’t be opened because you don’t have permission to view it." UserInfo={NSFilePath=/Library/Preferences/com.apple.ViewBridge.plist, NSUnderlyingError=0x10b9dcc70 {Error Domain=NSPOSIXErrorDomain Code=1 "Operation not permitted"}}
2018-11-07 11:01:56.334 plugin-container[82458:8717095] +[NSXPCSharedListener endpointForReply:withListenerName:]: an error occurred while attempting to obtain endpoint for listener 'ClientCallsAuxiliary': Connection invalid
JavaScript error: https://login.taobao.com/jump?target=https://www.tmall.com, line 27: SyntaxError: expected expression, got '<'
1541559837719	geckodriver	INFO	geckodriver 0.21.0
1541559837725	geckodriver	INFO	Listening on 127.0.0.1:49946
1541559838731	mozrunner::runner	INFO	Running command: "/Applications/Firefox.app/Contents/MacOS/firefox-bin" "-marionette" "-foreground" "-no-remote" "-profile" "/var/folders/z7/gbncm6tn397gr6ddzglky6d00000gp/T/rust_mozprofile.ENtHKpVHbkoE"
2018-11-07 11:04:00.160 plugin-container[82473:8720373] *** CFMessagePort: bootstrap_register(): failed 1100 (0x44c) 'Permission denied', port = 0x853b, name = 'com.apple.tsm.portname'
See /usr/include/servers/bootstrap_defs.h for the error codes.
2018-11-07 11:04:00.296 plugin-container[82473:8720373] unable to obtain configuration from file:///Library/Preferences/com.apple.ViewBridge.plist due to Error Domain=NSCocoaErrorDomain Code=257 "The file “com.apple.ViewBridge.plist” couldn’t be opened because you don’t have permission to view it." UserInfo={NSFilePath=/Library/Preferences/com.apple.ViewBridge.plist, NSUnderlyingError=0x118f32e80 {Error Domain=NSPOSIXErrorDomain Code=1 "Operation not permitted"}}
2018-11-07 11:04:00.299 plugin-container[82473:8720375] +[NSXPCSharedListener endpointForReply:withListenerName:]: an error occurred while attempting to obtain endpoint for listener 'ClientCallsAuxiliary': Connection invalid
2018-11-07 11:04:00.336 plugin-container[82474:8720399] *** CFMessagePort: bootstrap_register(): failed 1100 (0x44c) 'Permission denied', port = 0x8e3b, name = 'com.apple.tsm.portname'
See /usr/include/servers/bootstrap_defs.h for the error codes.
2018-11-07 11:04:00.446 plugin-container[82474:8720399] unable to obtain configuration from file:///Library/Preferences/com.apple.ViewBridge.plist due to Error Domain=NSCocoaErrorDomain Code=257 "The file “com.apple.ViewBridge.plist” couldn’t be opened because you don’t have permission to view it." UserInfo={NSFilePath=/Library/Preferences/com.apple.ViewBridge.plist, NSUnderlyingError=0x11a826a90 {Error Domain=NSPOSIXErrorDomain Code=1 "Operation not permitted"}}
2018-11-07 11:04:00.448 plugin-container[82474:8720404] +[NSXPCSharedListener endpointForReply:withListenerName:]: an error occurred while attempting to obtain endpoint for listener 'ClientCallsAuxiliary': Connection invalid
1541559840616	Marionette	INFO	Listening on port 49957
1541559840688	Marionette	WARN	TLS certificate errors will be ignored for this session
2018-11-07 11:04:01.138 plugin-container[82475:8720508] *** CFMessagePort: bootstrap_register(): failed 1100 (0x44c) 'Permission denied', port = 0x7243, name = 'com.apple.tsm.portname'
See /usr/include/servers/bootstrap_defs.h for the error codes.
2018-11-07 11:04:01.237 plugin-container[82475:8720508] unable to obtain configuration from file:///Library/Preferences/com.apple.ViewBridge.plist due to Error Domain=NSCocoaErrorDomain Code=257 "The file “com.apple.ViewBridge.plist” couldn’t be opened because you don’t have permission to view it." UserInfo={NSFilePath=/Library/Preferences/com.apple.ViewBridge.plist, NSUnderlyingError=0x10afdbc70 {Error Domain=NSPOSIXErrorDomain Code=1 "Operation not permitted"}}
2018-11-07 11:04:01.239 plugin-container[82475:8720517] +[NSXPCSharedListener endpointForReply:withListenerName:]: an error occurred while attempting to obtain endpoint for listener 'ClientCallsAuxiliary': Connection invalid
JavaScript error: https://login.taobao.com/jump?target=https://www.tmall.com, line 27: SyntaxError: expected expression, got '<'
1541560086621	geckodriver	INFO	geckodriver 0.21.0
1541560086627	geckodriver	INFO	Listening on 127.0.0.1:51061
1541560087633	mozrunner::runner	INFO	Running command: "/Applications/Firefox.app/Contents/MacOS/firefox-bin" "-marionette" "-foreground" "-no-remote" "-profile" "/var/folders/z7/gbncm6tn397gr6ddzglky6d00000gp/T/rust_mozprofile.uv6dyL4J42TB"
2018-11-07 11:08:09.096 plugin-container[82519:8724460] *** CFMessagePort: bootstrap_register(): failed 1100 (0x44c) 'Permission denied', port = 0x8743, name = 'com.apple.tsm.portname'
See /usr/include/servers/bootstrap_defs.h for the error codes.
2018-11-07 11:08:09.315 plugin-container[82519:8724460] unable to obtain configuration from file:///Library/Preferences/com.apple.ViewBridge.plist due to Error Domain=NSCocoaErrorDomain Code=257 "The file “com.apple.ViewBridge.plist” couldn’t be opened because you don’t have permission to view it." UserInfo={NSFilePath=/Library/Preferences/com.apple.ViewBridge.plist, NSUnderlyingError=0x111132e80 {Error Domain=NSPOSIXErrorDomain Code=1 "Operation not permitted"}}
2018-11-07 11:08:09.318 plugin-container[82519:8724461] +[NSXPCSharedListener endpointForReply:withListenerName:]: an error occurred while attempting to obtain endpoint for listener 'ClientCallsAuxiliary': Connection invalid
2018-11-07 11:08:09.325 plugin-container[82520:8724485] *** CFMessagePort: bootstrap_register(): failed 1100 (0x44c) 'Permission denied', port = 0x763b, name = 'com.apple.tsm.portname'
See /usr/include/servers/bootstrap_defs.h for the error codes.
2018-11-07 11:08:09.445 plugin-container[82520:8724485] unable to obtain configuration from file:///Library/Preferences/com.apple.ViewBridge.plist due to Error Domain=NSCocoaErrorDomain Code=257 "The file “com.apple.ViewBridge.plist” couldn’t be opened because you don’t have permission to view it." UserInfo={NSFilePath=/Library/Preferences/com.apple.ViewBridge.plist, NSUnderlyingError=0x11bc88b20 {Error Domain=NSPOSIXErrorDomain Code=1 "Operation not permitted"}}
2018-11-07 11:08:09.447 plugin-container[82520:8724489] +[NSXPCSharedListener endpointForReply:withListenerName:]: an error occurred while attempting to obtain endpoint for listener 'ClientCallsAuxiliary': Connection invalid
1541560089699	Marionette	INFO	Listening on port 51072
1541560089802	Marionette	WARN	TLS certificate errors will be ignored for this session
2018-11-07 11:08:10.141 plugin-container[82521:8724631] *** CFMessagePort: bootstrap_register(): failed 1100 (0x44c) 'Permission denied', port = 0x763b, name = 'com.apple.tsm.portname'
See /usr/include/servers/bootstrap_defs.h for the error codes.
2018-11-07 11:08:10.240 plugin-container[82521:8724631] unable to obtain configuration from file:///Library/Preferences/com.apple.ViewBridge.plist due to Error Domain=NSCocoaErrorDomain Code=257 "The file “com.apple.ViewBridge.plist” couldn’t be opened because you don’t have permission to view it." UserInfo={NSFilePath=/Library/Preferences/com.apple.ViewBridge.plist, NSUnderlyingError=0x1069dcc70 {Error Domain=NSPOSIXErrorDomain Code=1 "Operation not permitted"}}
2018-11-07 11:08:10.242 plugin-container[82521:8724634] +[NSXPCSharedListener endpointForReply:withListenerName:]: an error occurred while attempting to obtain endpoint for listener 'ClientCallsAuxiliary': Connection invalid
JavaScript error: https://login.taobao.com/jump?target=https://www.tmall.com, line 27: SyntaxError: expected expression, got '<'
1541560234483	geckodriver	INFO	geckodriver 0.21.0
1541560234488	geckodriver	INFO	Listening on 127.0.0.1:51321
1541560235496	mozrunner::runner	INFO	Running command: "/Applications/Firefox.app/Contents/MacOS/firefox-bin" "-marionette" "-foreground" "-no-remote" "-profile" "/var/folders/z7/gbncm6tn397gr6ddzglky6d00000gp/T/rust_mozprofile.adzTQmQM86IH"
2018-11-07 11:10:36.812 plugin-container[82537:8728959] *** CFMessagePort: bootstrap_register(): failed 1100 (0x44c) 'Permission denied', port = 0x8c3b, name = 'com.apple.tsm.portname'
See /usr/include/servers/bootstrap_defs.h for the error codes.
2018-11-07 11:10:36.935 plugin-container[82537:8728959] unable to obtain configuration from file:///Library/Preferences/com.apple.ViewBridge.plist due to Error Domain=NSCocoaErrorDomain Code=257 "The file “com.apple.ViewBridge.plist” couldn’t be opened because you don’t have permission to view it." UserInfo={NSFilePath=/Library/Preferences/com.apple.ViewBridge.plist, NSUnderlyingError=0x11c8b5910 {Error Domain=NSPOSIXErrorDomain Code=1 "Operation not permitted"}}
2018-11-07 11:10:36.937 plugin-container[82537:8728960] +[NSXPCSharedListener endpointForReply:withListenerName:]: an error occurred while attempting to obtain endpoint for listener 'ClientCallsAuxiliary': Connection invalid
2018-11-07 11:10:36.986 plugin-container[82538:8728984] *** CFMessagePort: bootstrap_register(): failed 1100 (0x44c) 'Permission denied', port = 0x7543, name = 'com.apple.tsm.portname'
See /usr/include/servers/bootstrap_defs.h for the error codes.
2018-11-07 11:10:37.098 plugin-container[82538:8728984] unable to obtain configuration from file:///Library/Preferences/com.apple.ViewBridge.plist due to Error Domain=NSCocoaErrorDomain Code=257 "The file “com.apple.ViewBridge.plist” couldn’t be opened because you don’t have permission to view it." UserInfo={NSFilePath=/Library/Preferences/com.apple.ViewBridge.plist, NSUnderlyingError=0x1147d6e50 {Error Domain=NSPOSIXErrorDomain Code=1 "Operation not permitted"}}
2018-11-07 11:10:37.100 plugin-container[82538:8728987] +[NSXPCSharedListener endpointForReply:withListenerName:]: an error occurred while attempting to obtain endpoint for listener 'ClientCallsAuxiliary': Connection invalid
1541560237276	Marionette	INFO	Listening on port 51328
1541560237359	Marionette	WARN	TLS certificate errors will be ignored for this session
2018-11-07 11:10:37.746 plugin-container[82539:8729090] *** CFMessagePort: bootstrap_register(): failed 1100 (0x44c) 'Permission denied', port = 0x853b, name = 'com.apple.tsm.portname'
See /usr/include/servers/bootstrap_defs.h for the error codes.
2018-11-07 11:10:37.844 plugin-container[82539:8729090] unable to obtain configuration from file:///Library/Preferences/com.apple.ViewBridge.plist due to Error Domain=NSCocoaErrorDomain Code=257 "The file “com.apple.ViewBridge.plist” couldn’t be opened because you don’t have permission to view it." UserInfo={NSFilePath=/Library/Preferences/com.apple.ViewBridge.plist, NSUnderlyingError=0x10c0dbc70 {Error Domain=NSPOSIXErrorDomain Code=1 "Operation not permitted"}}
2018-11-07 11:10:37.847 plugin-container[82539:8729092] +[NSXPCSharedListener endpointForReply:withListenerName:]: an error occurred while attempting to obtain endpoint for listener 'ClientCallsAuxiliary': Connection invalid
JavaScript error: https://login.taobao.com/jump?target=https://www.tmall.com, line 27: SyntaxError: expected expression, got '<'
1541576752301	geckodriver	INFO	geckodriver 0.21.0
1541576752307	geckodriver	INFO	Listening on 127.0.0.1:52489
1541576753315	mozrunner::runner	INFO	Running command: "/Applications/Firefox.app/Contents/MacOS/firefox-bin" "-marionette" "-foreground" "-no-remote" "-profile" "/var/folders/z7/gbncm6tn397gr6ddzglky6d00000gp/T/rust_mozprofile.3SpaISQWe2nQ"
2018-11-07 15:45:54.632 plugin-container[82907:8927695] *** CFMessagePort: bootstrap_register(): failed 1100 (0x44c) 'Permission denied', port = 0x8c3b, name = 'com.apple.tsm.portname'
See /usr/include/servers/bootstrap_defs.h for the error codes.
2018-11-07 15:45:54.769 plugin-container[82907:8927695] unable to obtain configuration from file:///Library/Preferences/com.apple.ViewBridge.plist due to Error Domain=NSCocoaErrorDomain Code=257 "The file “com.apple.ViewBridge.plist” couldn’t be opened because you don’t have permission to view it." UserInfo={NSFilePath=/Library/Preferences/com.apple.ViewBridge.plist, NSUnderlyingError=0x114f32e80 {Error Domain=NSPOSIXErrorDomain Code=1 "Operation not permitted"}}
2018-11-07 15:45:54.771 plugin-container[82907:8927696] +[NSXPCSharedListener endpointForReply:withListenerName:]: an error occurred while attempting to obtain endpoint for listener 'ClientCallsAuxiliary': Connection invalid
2018-11-07 15:45:54.815 plugin-container[82908:8927719] *** CFMessagePort: bootstrap_register(): failed 1100 (0x44c) 'Permission denied', port = 0x763b, name = 'com.apple.tsm.portname'
See /usr/include/servers/bootstrap_defs.h for the error codes.
2018-11-07 15:45:54.926 plugin-container[82908:8927719] unable to obtain configuration from file:///Library/Preferences/com.apple.ViewBridge.plist due to Error Domain=NSCocoaErrorDomain Code=257 "The file “com.apple.ViewBridge.plist” couldn’t be opened because you don’t have permission to view it." UserInfo={NSFilePath=/Library/Preferences/com.apple.ViewBridge.plist, NSUnderlyingError=0x1198fb940 {Error Domain=NSPOSIXErrorDomain Code=1 "Operation not permitted"}}
2018-11-07 15:45:54.929 plugin-container[82908:8927722] +[NSXPCSharedListener endpointForReply:withListenerName:]: an error occurred while attempting to obtain endpoint for listener 'ClientCallsAuxiliary': Connection invalid
1541576755081	Marionette	INFO	Listening on port 52496
1541576755171	Marionette	WARN	TLS certificate errors will be ignored for this session
2018-11-07 15:45:55.583 plugin-container[82909:8927818] *** CFMessagePort: bootstrap_register(): failed 1100 (0x44c) 'Permission denied', port = 0x8e3f, name = 'com.apple.tsm.portname'
See /usr/include/servers/bootstrap_defs.h for the error codes.
2018-11-07 15:45:55.695 plugin-container[82909:8927818] unable to obtain configuration from file:///Library/Preferences/com.apple.ViewBridge.plist due to Error Domain=NSCocoaErrorDomain Code=257 "The file “com.apple.ViewBridge.plist” couldn’t be opened because you don’t have permission to view it." UserInfo={NSFilePath=/Library/Preferences/com.apple.ViewBridge.plist, NSUnderlyingError=0x106adbc70 {Error Domain=NSPOSIXErrorDomain Code=1 "Operation not permitted"}}
2018-11-07 15:45:55.698 plugin-container[82909:8927822] +[NSXPCSharedListener endpointForReply:withListenerName:]: an error occurred while attempting to obtain endpoint for listener 'ClientCallsAuxiliary': Connection invalid
JavaScript error: https://login.taobao.com/jump?target=https://www.tmall.com, line 27: SyntaxError: expected expression, got '<'
